android/app/build/intermediates/manifest_merge_blame_file/debug/manifest-merger-blame-debug-report.txt
1<?xml version="1.0" encoding="utf-8"?>
2<manifest xmlns:android="http://schemas.android.com/apk/res/android"
3    package="com.parkology"
4    android:versionCode="1"
5    android:versionName="1.0" >
6
7    <uses-sdk
8        android:minSdkVersion="21"
9        android:targetSdkVersion="34" />
10
11    <uses-permission android:name="android.permission.INTERNET" />
11-->src\main\AndroidManifest.xml:3:5-67
11-->src\main\AndroidManifest.xml:3:22-64
12    <uses-permission android:name="android.permission.READ_EXTERNAL_STORAGE" />
12-->src\main\AndroidManifest.xml:4:5-80
12-->src\main\AndroidManifest.xml:4:22-77
13    <uses-permission android:name="android.permission.CAMERA" />
13-->src\main\AndroidManifest.xml:5:5-65
13-->src\main\AndroidManifest.xml:5:22-62
14    <uses-permission android:name="android.permission.USE_BIOMETRIC" />
14-->[:react-native-keychain] AndroidManifest.xml:7:5-72
14-->[:react-native-keychain] AndroidManifest.xml:7:22-69
15    <uses-permission android:name="android.permission.USE_FINGERPRINT" />
15-->[:react-native-keychain] AndroidManifest.xml:8:5-74
15-->[:react-native-keychain] AndroidManifest.xml:8:22-71
16    <!--
17    This manifest file is used only by Gradle to configure debug-only capabilities
18    for React Native Apps.
19    -->
20    <uses-permission android:name="android.permission.SYSTEM_ALERT_WINDOW" />
20-->[com.facebook.react:react-android:0.73.3] AndroidManifest.xml:16:5-78
20-->[com.facebook.react:react-android:0.73.3] AndroidManifest.xml:16:22-75
21    <uses-permission android:name="android.permission.ACCESS_WIFI_STATE" />
21-->[com.facebook.flipper:flipper:0.201.0] AndroidManifest.xml:14:5-76
21-->[com.facebook.flipper:flipper:0.201.0] AndroidManifest.xml:14:22-73
22
23    <permission
23-->[androidx.core:core:1.9.0] AndroidManifest.xml:22:5-24:47
24        android:name="com.parkology.DYNAMIC_RECEIVER_NOT_EXPORTED_PERMISSION"
24-->[androidx.core:core:1.9.0] AndroidManifest.xml:23:9-81
25        android:protectionLevel="signature" />
25-->[androidx.core:core:1.9.0] AndroidManifest.xml:24:9-44
26
27    <uses-permission android:name="com.parkology.DYNAMIC_RECEIVER_NOT_EXPORTED_PERMISSION" />
27-->[androidx.core:core:1.9.0] AndroidManifest.xml:26:5-97
27-->[androidx.core:core:1.9.0] AndroidManifest.xml:26:22-94
28
29    <application
29-->src\main\AndroidManifest.xml:6:5-27:19
30        android:name="com.parkology.MainApplication"
30-->src\main\AndroidManifest.xml:7:7-38
31        android:allowBackup="false"
31-->src\main\AndroidManifest.xml:11:7-34
32        android:appComponentFactory="androidx.core.app.CoreComponentFactory"
32-->[androidx.core:core:1.9.0] AndroidManifest.xml:28:18-86
33        android:debuggable="true"
34        android:extractNativeLibs="true"
35        android:icon="@mipmap/ic_launcher"
35-->src\main\AndroidManifest.xml:9:7-41
36        android:label="@string/app_name"
36-->src\main\AndroidManifest.xml:8:7-39
37        android:roundIcon="@mipmap/ic_launcher_round"
37-->src\main\AndroidManifest.xml:10:7-52
38        android:theme="@style/AppTheme"
38-->src\main\AndroidManifest.xml:12:7-38
39        android:usesCleartextTraffic="true" >
39-->src\debug\AndroidManifest.xml:6:9-44
40        <activity
40-->src\main\AndroidManifest.xml:14:7-26:18
41            android:name="com.parkology.MainActivity"
41-->src\main\AndroidManifest.xml:15:9-37
42            android:configChanges="keyboard|keyboardHidden|orientation|screenLayout|screenSize|smallestScreenSize|uiMode"
42-->src\main\AndroidManifest.xml:17:9-118
43            android:exported="true"
43-->src\main\AndroidManifest.xml:21:9-32
44            android:label="@string/app_name"
44-->src\main\AndroidManifest.xml:16:9-41
45            android:launchMode="singleTask"
45-->src\main\AndroidManifest.xml:18:9-40
46            android:screenOrientation="sensorPortrait"
46-->src\main\AndroidManifest.xml:20:7-49
47            android:windowSoftInputMode="adjustResize" >
47-->src\main\AndroidManifest.xml:19:9-51
48            <intent-filter>
48-->src\main\AndroidManifest.xml:22:9-25:25
49                <action android:name="android.intent.action.MAIN" />
49-->src\main\AndroidManifest.xml:23:13-65
49-->src\main\AndroidManifest.xml:23:21-62
50
51                <category android:name="android.intent.category.LAUNCHER" />
51-->src\main\AndroidManifest.xml:24:13-73
51-->src\main\AndroidManifest.xml:24:23-70
52            </intent-filter>
53        </activity>
54
55        <provider
55-->[:react-native-image-picker] AndroidManifest.xml:8:9-16:20
56            android:name="com.imagepicker.ImagePickerProvider"
56-->[:react-native-image-picker] AndroidManifest.xml:9:13-63
57            android:authorities="com.parkology.imagepickerprovider"
57-->[:react-native-image-picker] AndroidManifest.xml:10:13-71
58            android:exported="false"
58-->[:react-native-image-picker] AndroidManifest.xml:11:13-37
59            android:grantUriPermissions="true" >
59-->[:react-native-image-picker] AndroidManifest.xml:12:13-47
60            <meta-data
60-->[:react-native-image-picker] AndroidManifest.xml:13:13-15:70
61                android:name="android.support.FILE_PROVIDER_PATHS"
61-->[:react-native-image-picker] AndroidManifest.xml:14:17-67
62                android:resource="@xml/imagepicker_provider_paths" />
62-->[:react-native-image-picker] AndroidManifest.xml:15:17-67
63        </provider>
64
65        <activity
65-->[com.facebook.react:react-android:0.73.3] AndroidManifest.xml:19:9-21:40
66            android:name="com.facebook.react.devsupport.DevSettingsActivity"
66-->[com.facebook.react:react-android:0.73.3] AndroidManifest.xml:20:13-77
67            android:exported="false" />
67-->[com.facebook.react:react-android:0.73.3] AndroidManifest.xml:21:13-37
68
69        <provider
69-->[androidx.emoji2:emoji2:1.2.0] AndroidManifest.xml:24:9-32:20
70            android:name="androidx.startup.InitializationProvider"
70-->[androidx.emoji2:emoji2:1.2.0] AndroidManifest.xml:25:13-67
71            android:authorities="com.parkology.androidx-startup"
71-->[androidx.emoji2:emoji2:1.2.0] AndroidManifest.xml:26:13-68
72            android:exported="false" >
72-->[androidx.emoji2:emoji2:1.2.0] AndroidManifest.xml:27:13-37
73            <meta-data
73-->[androidx.emoji2:emoji2:1.2.0] AndroidManifest.xml:29:13-31:52
74                android:name="androidx.emoji2.text.EmojiCompatInitializer"
74-->[androidx.emoji2:emoji2:1.2.0] AndroidManifest.xml:30:17-75
75                android:value="androidx.startup" />
75-->[androidx.emoji2:emoji2:1.2.0] AndroidManifest.xml:31:17-49
76            <meta-data
76-->[androidx.lifecycle:lifecycle-process:2.4.1] AndroidManifest.xml:31:13-33:52
77                android:name="androidx.lifecycle.ProcessLifecycleInitializer"
77-->[androidx.lifecycle:lifecycle-process:2.4.1] AndroidManifest.xml:32:17-78
78                android:value="androidx.startup" />
78-->[androidx.lifecycle:lifecycle-process:2.4.1] AndroidManifest.xml:33:17-49
79        </provider>
80
81        <meta-data
81-->[com.facebook.soloader:soloader:0.10.5] AndroidManifest.xml:12:9-14:37
82            android:name="com.facebook.soloader.enabled"
82-->[com.facebook.soloader:soloader:0.10.5] AndroidManifest.xml:13:13-57
83            android:value="false" />
83-->[com.facebook.soloader:soloader:0.10.5] AndroidManifest.xml:14:13-34
84    </application>
85
86</manifest>